C:\Checklist0508\Checklist\Checklist.WebClient\dist\out-tsc\app\error\error.component.js
C:\Checklist0508\Checklist\Checklist.WebClient\dist\out-tsc\app\error\error.component.js.map
C:\Checklist0508\Checklist\Checklist.WebClient\dist\out-tsc\app\common\guards\auth.guard.js
C:\Checklist0508\Checklist\Checklist.WebClient\dist\out-tsc\app\common\guards\auth.guard.js.map
C:\Checklist0508\Checklist\Checklist.WebClient\dist\out-tsc\app\common\models\current-user.model.js
C:\Checklist0508\Checklist\Checklist.WebClient\dist\out-tsc\app\common\models\current-user.model.js.map
C:\Checklist0508\Checklist\Checklist.WebClient\dist\out-tsc\environments\environment.js
C:\Checklist0508\Checklist\Checklist.WebClient\dist\out-tsc\environments\environment.js.map
C:\Checklist0508\Checklist\Checklist.WebClient\dist\out-tsc\app\common\auth\auth.service.js
C:\Checklist0508\Checklist\Checklist.WebClient\dist\out-tsc\app\common\auth\auth.service.js.map
C:\Checklist0508\Checklist\Checklist.WebClient\dist\out-tsc\app\app.routes.js
C:\Checklist0508\Checklist\Checklist.WebClient\dist\out-tsc\app\app.routes.js.map
C:\Checklist0508\Checklist\Checklist.WebClient\dist\out-tsc\app\app.component.js
C:\Checklist0508\Checklist\Checklist.WebClient\dist\out-tsc\app\app.component.js.map
C:\Checklist0508\Checklist\Checklist.WebClient\dist\out-tsc\app\app.config.js
C:\Checklist0508\Checklist\Checklist.WebClient\dist\out-tsc\app\app.config.js.map
C:\Checklist0508\Checklist\Checklist.WebClient\dist\out-tsc\app\services\user.service.js
C:\Checklist0508\Checklist\Checklist.WebClient\dist\out-tsc\app\services\user.service.js.map
C:\Checklist0508\Checklist\Checklist.WebClient\dist\out-tsc\app\app.module.js
C:\Checklist0508\Checklist\Checklist.WebClient\dist\out-tsc\app\app.module.js.map
C:\Checklist0508\Checklist\Checklist.WebClient\dist\out-tsc\main.js
C:\Checklist0508\Checklist\Checklist.WebClient\dist\out-tsc\main.js.map
C:\Checklist0508\Checklist\Checklist.WebClient\dist\out-tsc\polyfills.js
C:\Checklist0508\Checklist\Checklist.WebClient\dist\out-tsc\polyfills.js.map
C:\Checklist0508\Checklist\Checklist.WebClient\dist\out-tsc\environments\environment.prod.js
C:\Checklist0508\Checklist\Checklist.WebClient\dist\out-tsc\environments\environment.prod.js.map
C:\Checklist0508\Checklist\Checklist.WebClient\dist\out-tsc\app\another\another.component.js
C:\Checklist0508\Checklist\Checklist.WebClient\dist\out-tsc\app\another\another.component.js.map
C:\Checklist0508\Checklist\Checklist.WebClient\dist\out-tsc\app\another\another.module.js
C:\Checklist0508\Checklist\Checklist.WebClient\dist\out-tsc\app\another\another.module.js.map
C:\Checklist0508\Checklist\Checklist.WebClient\dist\out-tsc\app\common\models\password.model.js
C:\Checklist0508\Checklist\Checklist.WebClient\dist\out-tsc\app\common\models\password.model.js.map
C:\Checklist0508\Checklist\Checklist.WebClient\dist\out-tsc\app\change-password\change-password.component.js
C:\Checklist0508\Checklist\Checklist.WebClient\dist\out-tsc\app\change-password\change-password.component.js.map
C:\Checklist0508\Checklist\Checklist.WebClient\dist\out-tsc\app\change-password\change-password.module.js
C:\Checklist0508\Checklist\Checklist.WebClient\dist\out-tsc\app\change-password\change-password.module.js.map
C:\Checklist0508\Checklist\Checklist.WebClient\dist\out-tsc\app\layout\widget\widget.directive.js
C:\Checklist0508\Checklist\Checklist.WebClient\dist\out-tsc\app\layout\widget\widget.directive.js.map
C:\Checklist0508\Checklist\Checklist.WebClient\dist\out-tsc\app\layout\widget\widget.module.js
C:\Checklist0508\Checklist\Checklist.WebClient\dist\out-tsc\app\layout\widget\widget.module.js.map
C:\Checklist0508\Checklist\Checklist.WebClient\dist\out-tsc\app\layout\utils\directives\animate-number.directive.js
C:\Checklist0508\Checklist\Checklist.WebClient\dist\out-tsc\app\layout\utils\directives\animate-number.directive.js.map
C:\Checklist0508\Checklist\Checklist.WebClient\dist\out-tsc\app\layout\utils\directives\check-all.directive.js
C:\Checklist0508\Checklist\Checklist.WebClient\dist\out-tsc\app\layout\utils\directives\check-all.directive.js.map
C:\Checklist0508\Checklist\Checklist.WebClient\dist\out-tsc\app\layout\utils\directives\progress-animate.directive.js
C:\Checklist0508\Checklist\Checklist.WebClient\dist\out-tsc\app\layout\utils\directives\progress-animate.directive.js.map
C:\Checklist0508\Checklist\Checklist.WebClient\dist\out-tsc\app\layout\utils\utils.module.js
C:\Checklist0508\Checklist\Checklist.WebClient\dist\out-tsc\app\layout\utils\utils.module.js.map
C:\Checklist0508\Checklist\Checklist.WebClient\dist\out-tsc\app\services\checklist.service.js
C:\Checklist0508\Checklist\Checklist.WebClient\dist\out-tsc\app\services\checklist.service.js.map
C:\Checklist0508\Checklist\Checklist.WebClient\dist\out-tsc\app\checklist\manage-checklist.component.js
C:\Checklist0508\Checklist\Checklist.WebClient\dist\out-tsc\app\checklist\manage-checklist.component.js.map
C:\Checklist0508\Checklist\Checklist.WebClient\dist\out-tsc\app\common\models\heading.model.js
C:\Checklist0508\Checklist\Checklist.WebClient\dist\out-tsc\app\common\models\heading.model.js.map
C:\Checklist0508\Checklist\Checklist.WebClient\dist\out-tsc\app\common\models\question.model.js
C:\Checklist0508\Checklist\Checklist.WebClient\dist\out-tsc\app\common\models\question.model.js.map
C:\Checklist0508\Checklist\Checklist.WebClient\dist\out-tsc\app\checklist\create-checklist\create-checklist.component.js
C:\Checklist0508\Checklist\Checklist.WebClient\dist\out-tsc\app\checklist\create-checklist\create-checklist.component.js.map
C:\Checklist0508\Checklist\Checklist.WebClient\dist\out-tsc\app\checklist\checklist.module.js
C:\Checklist0508\Checklist\Checklist.WebClient\dist\out-tsc\app\checklist\checklist.module.js.map
C:\Checklist0508\Checklist\Checklist.WebClient\dist\out-tsc\app\services\result.service.js
C:\Checklist0508\Checklist\Checklist.WebClient\dist\out-tsc\app\services\result.service.js.map
C:\Checklist0508\Checklist\Checklist.WebClient\dist\out-tsc\app\dashboard\dashboard.component.js
C:\Checklist0508\Checklist\Checklist.WebClient\dist\out-tsc\app\dashboard\dashboard.component.js.map
C:\Checklist0508\Checklist\Checklist.WebClient\dist\out-tsc\app\common\models\checklist-answer.model.js
C:\Checklist0508\Checklist\Checklist.WebClient\dist\out-tsc\app\common\models\checklist-answer.model.js.map
C:\Checklist0508\Checklist\Checklist.WebClient\dist\out-tsc\app\services\checklist-answer.service.js
C:\Checklist0508\Checklist\Checklist.WebClient\dist\out-tsc\app\services\checklist-answer.service.js.map
C:\Checklist0508\Checklist\Checklist.WebClient\dist\out-tsc\app\common\signature-field\signature-field.component.js
C:\Checklist0508\Checklist\Checklist.WebClient\dist\out-tsc\app\common\signature-field\signature-field.component.js.map
C:\Checklist0508\Checklist\Checklist.WebClient\dist\out-tsc\app\view-checklist\view-checklist.component.js
C:\Checklist0508\Checklist\Checklist.WebClient\dist\out-tsc\app\view-checklist\view-checklist.component.js.map
C:\Checklist0508\Checklist\Checklist.WebClient\dist\out-tsc\app\view-checklist\view-checklist.module.js
C:\Checklist0508\Checklist\Checklist.WebClient\dist\out-tsc\app\view-checklist\view-checklist.module.js.map
C:\Checklist0508\Checklist\Checklist.WebClient\dist\out-tsc\app\dashboard\dashboard.module.js
C:\Checklist0508\Checklist\Checklist.WebClient\dist\out-tsc\app\dashboard\dashboard.module.js.map
C:\Checklist0508\Checklist\Checklist.WebClient\dist\out-tsc\app\layout\layout.component.js
C:\Checklist0508\Checklist\Checklist.WebClient\dist\out-tsc\app\layout\layout.component.js.map
C:\Checklist0508\Checklist\Checklist.WebClient\dist\out-tsc\app\layout\layout.routes.js
C:\Checklist0508\Checklist\Checklist.WebClient\dist\out-tsc\app\layout\layout.routes.js.map
C:\Checklist0508\Checklist\Checklist.WebClient\dist\out-tsc\app\layout\sidebar\sidebar.component.js
C:\Checklist0508\Checklist\Checklist.WebClient\dist\out-tsc\app\layout\sidebar\sidebar.component.js.map
C:\Checklist0508\Checklist\Checklist.WebClient\dist\out-tsc\app\layout\navbar\navbar.component.js
C:\Checklist0508\Checklist\Checklist.WebClient\dist\out-tsc\app\layout\navbar\navbar.component.js.map
C:\Checklist0508\Checklist\Checklist.WebClient\dist\out-tsc\app\layout\pipes\search.pipe.js
C:\Checklist0508\Checklist\Checklist.WebClient\dist\out-tsc\app\layout\pipes\search.pipe.js.map
C:\Checklist0508\Checklist\Checklist.WebClient\dist\out-tsc\app\layout\layout.module.js
C:\Checklist0508\Checklist\Checklist.WebClient\dist\out-tsc\app\layout\layout.module.js.map
C:\Checklist0508\Checklist\Checklist.WebClient\dist\out-tsc\app\common\models\login.model.js
C:\Checklist0508\Checklist\Checklist.WebClient\dist\out-tsc\app\common\models\login.model.js.map
C:\Checklist0508\Checklist\Checklist.WebClient\dist\out-tsc\app\login\login.component.js
C:\Checklist0508\Checklist\Checklist.WebClient\dist\out-tsc\app\login\login.component.js.map
C:\Checklist0508\Checklist\Checklist.WebClient\dist\out-tsc\app\login\login.module.js
C:\Checklist0508\Checklist\Checklist.WebClient\dist\out-tsc\app\login\login.module.js.map
C:\Checklist0508\Checklist\Checklist.WebClient\dist\out-tsc\app\common\models\user.model.js
C:\Checklist0508\Checklist\Checklist.WebClient\dist\out-tsc\app\common\models\user.model.js.map
C:\Checklist0508\Checklist\Checklist.WebClient\dist\out-tsc\app\user\manage-user\manage-user.component.js
C:\Checklist0508\Checklist\Checklist.WebClient\dist\out-tsc\app\user\manage-user\manage-user.component.js.map
C:\Checklist0508\Checklist\Checklist.WebClient\dist\out-tsc\app\user\user.module.js
C:\Checklist0508\Checklist\Checklist.WebClient\dist\out-tsc\app\user\user.module.js.map
C:\Checklist0508\Checklist\Checklist.WebClient\dist\out-tsc\app\user-checklist\user-checklist.component.js
C:\Checklist0508\Checklist\Checklist.WebClient\dist\out-tsc\app\user-checklist\user-checklist.component.js.map
C:\Checklist0508\Checklist\Checklist.WebClient\dist\out-tsc\app\user-checklist\user-checklist.module.js
C:\Checklist0508\Checklist\Checklist.WebClient\dist\out-tsc\app\user-checklist\user-checklist.module.js.map
C:\Checklist0508\Checklist\Checklist.WebClient\dist\out-tsc\app\common\helper\truncate-text.pipe.js
C:\Checklist0508\Checklist\Checklist.WebClient\dist\out-tsc\app\common\helper\truncate-text.pipe.js.map
C:\Checklist0508\Checklist\Checklist.WebClient\dist\out-tsc\app\common\signature-field\signature-field.component.spec.js
C:\Checklist0508\Checklist\Checklist.WebClient\dist\out-tsc\app\common\signature-field\signature-field.component.spec.js.map
C:\Checklist0508\Checklist\Checklist.WebClient\dist\out-tsc\app\common\validator\password-validator.js
C:\Checklist0508\Checklist\Checklist.WebClient\dist\out-tsc\app\common\validator\password-validator.js.map
