D:\01 Projects\Checklist\Checklist.WebClient\dist\out-tsc\app\error\error.component.js
D:\01 Projects\Checklist\Checklist.WebClient\dist\out-tsc\app\error\error.component.js.map
D:\01 Projects\Checklist\Checklist.WebClient\dist\out-tsc\app\common\guards\auth.guard.js
D:\01 Projects\Checklist\Checklist.WebClient\dist\out-tsc\app\common\guards\auth.guard.js.map
D:\01 Projects\Checklist\Checklist.WebClient\dist\out-tsc\app\common\models\current-user.model.js
D:\01 Projects\Checklist\Checklist.WebClient\dist\out-tsc\app\common\models\current-user.model.js.map
D:\01 Projects\Checklist\Checklist.WebClient\dist\out-tsc\environments\environment.js
D:\01 Projects\Checklist\Checklist.WebClient\dist\out-tsc\environments\environment.js.map
D:\01 Projects\Checklist\Checklist.WebClient\dist\out-tsc\app\common\auth\auth.service.js
D:\01 Projects\Checklist\Checklist.WebClient\dist\out-tsc\app\common\auth\auth.service.js.map
D:\01 Projects\Checklist\Checklist.WebClient\dist\out-tsc\app\app.routes.js
D:\01 Projects\Checklist\Checklist.WebClient\dist\out-tsc\app\app.routes.js.map
D:\01 Projects\Checklist\Checklist.WebClient\dist\out-tsc\app\app.component.js
D:\01 Projects\Checklist\Checklist.WebClient\dist\out-tsc\app\app.component.js.map
D:\01 Projects\Checklist\Checklist.WebClient\dist\out-tsc\app\app.config.js
D:\01 Projects\Checklist\Checklist.WebClient\dist\out-tsc\app\app.config.js.map
D:\01 Projects\Checklist\Checklist.WebClient\dist\out-tsc\app\services\user.service.js
D:\01 Projects\Checklist\Checklist.WebClient\dist\out-tsc\app\services\user.service.js.map
D:\01 Projects\Checklist\Checklist.WebClient\dist\out-tsc\app\app.module.js
D:\01 Projects\Checklist\Checklist.WebClient\dist\out-tsc\app\app.module.js.map
D:\01 Projects\Checklist\Checklist.WebClient\dist\out-tsc\main.js
D:\01 Projects\Checklist\Checklist.WebClient\dist\out-tsc\main.js.map
D:\01 Projects\Checklist\Checklist.WebClient\dist\out-tsc\polyfills.js
D:\01 Projects\Checklist\Checklist.WebClient\dist\out-tsc\polyfills.js.map
D:\01 Projects\Checklist\Checklist.WebClient\dist\out-tsc\environments\environment.prod.js
D:\01 Projects\Checklist\Checklist.WebClient\dist\out-tsc\environments\environment.prod.js.map
D:\01 Projects\Checklist\Checklist.WebClient\dist\out-tsc\app\layout\widget\widget.directive.js
D:\01 Projects\Checklist\Checklist.WebClient\dist\out-tsc\app\layout\widget\widget.directive.js.map
D:\01 Projects\Checklist\Checklist.WebClient\dist\out-tsc\app\layout\widget\widget.module.js
D:\01 Projects\Checklist\Checklist.WebClient\dist\out-tsc\app\layout\widget\widget.module.js.map
D:\01 Projects\Checklist\Checklist.WebClient\dist\out-tsc\app\layout\utils\directives\animate-number.directive.js
D:\01 Projects\Checklist\Checklist.WebClient\dist\out-tsc\app\layout\utils\directives\animate-number.directive.js.map
D:\01 Projects\Checklist\Checklist.WebClient\dist\out-tsc\app\layout\utils\directives\check-all.directive.js
D:\01 Projects\Checklist\Checklist.WebClient\dist\out-tsc\app\layout\utils\directives\check-all.directive.js.map
D:\01 Projects\Checklist\Checklist.WebClient\dist\out-tsc\app\layout\utils\directives\progress-animate.directive.js
D:\01 Projects\Checklist\Checklist.WebClient\dist\out-tsc\app\layout\utils\directives\progress-animate.directive.js.map
D:\01 Projects\Checklist\Checklist.WebClient\dist\out-tsc\app\layout\utils\utils.module.js
D:\01 Projects\Checklist\Checklist.WebClient\dist\out-tsc\app\layout\utils\utils.module.js.map
D:\01 Projects\Checklist\Checklist.WebClient\dist\out-tsc\app\common\models\password.model.js
D:\01 Projects\Checklist\Checklist.WebClient\dist\out-tsc\app\common\models\password.model.js.map
D:\01 Projects\Checklist\Checklist.WebClient\dist\out-tsc\app\common\models\user.model.js
D:\01 Projects\Checklist\Checklist.WebClient\dist\out-tsc\app\common\models\user.model.js.map
D:\01 Projects\Checklist\Checklist.WebClient\dist\out-tsc\app\user\manage-user\manage-user.component.js
D:\01 Projects\Checklist\Checklist.WebClient\dist\out-tsc\app\user\manage-user\manage-user.component.js.map
D:\01 Projects\Checklist\Checklist.WebClient\dist\out-tsc\app\user\user.module.js
D:\01 Projects\Checklist\Checklist.WebClient\dist\out-tsc\app\user\user.module.js.map
D:\01 Projects\Checklist\Checklist.WebClient\dist\out-tsc\app\common\models\login.model.js
D:\01 Projects\Checklist\Checklist.WebClient\dist\out-tsc\app\common\models\login.model.js.map
D:\01 Projects\Checklist\Checklist.WebClient\dist\out-tsc\app\login\login.component.js
D:\01 Projects\Checklist\Checklist.WebClient\dist\out-tsc\app\login\login.component.js.map
D:\01 Projects\Checklist\Checklist.WebClient\dist\out-tsc\app\login\login.module.js
D:\01 Projects\Checklist\Checklist.WebClient\dist\out-tsc\app\login\login.module.js.map
D:\01 Projects\Checklist\Checklist.WebClient\dist\out-tsc\app\layout\layout.component.js
D:\01 Projects\Checklist\Checklist.WebClient\dist\out-tsc\app\layout\layout.component.js.map
D:\01 Projects\Checklist\Checklist.WebClient\dist\out-tsc\app\layout\layout.routes.js
D:\01 Projects\Checklist\Checklist.WebClient\dist\out-tsc\app\layout\layout.routes.js.map
D:\01 Projects\Checklist\Checklist.WebClient\dist\out-tsc\app\layout\sidebar\sidebar.component.js
D:\01 Projects\Checklist\Checklist.WebClient\dist\out-tsc\app\layout\sidebar\sidebar.component.js.map
D:\01 Projects\Checklist\Checklist.WebClient\dist\out-tsc\app\layout\navbar\navbar.component.js
D:\01 Projects\Checklist\Checklist.WebClient\dist\out-tsc\app\layout\navbar\navbar.component.js.map
D:\01 Projects\Checklist\Checklist.WebClient\dist\out-tsc\app\layout\pipes\search.pipe.js
D:\01 Projects\Checklist\Checklist.WebClient\dist\out-tsc\app\layout\pipes\search.pipe.js.map
D:\01 Projects\Checklist\Checklist.WebClient\dist\out-tsc\app\layout\layout.module.js
D:\01 Projects\Checklist\Checklist.WebClient\dist\out-tsc\app\layout\layout.module.js.map
D:\01 Projects\Checklist\Checklist.WebClient\dist\out-tsc\app\dashboard\dashboard.component.js
D:\01 Projects\Checklist\Checklist.WebClient\dist\out-tsc\app\dashboard\dashboard.component.js.map
D:\01 Projects\Checklist\Checklist.WebClient\dist\out-tsc\app\dashboard\dashboard.module.js
D:\01 Projects\Checklist\Checklist.WebClient\dist\out-tsc\app\dashboard\dashboard.module.js.map
D:\01 Projects\Checklist\Checklist.WebClient\dist\out-tsc\app\common\validator\password-validator.js
D:\01 Projects\Checklist\Checklist.WebClient\dist\out-tsc\app\common\validator\password-validator.js.map
D:\01 Projects\Checklist\Checklist.WebClient\dist\out-tsc\app\change-password\change-password.component.js
D:\01 Projects\Checklist\Checklist.WebClient\dist\out-tsc\app\change-password\change-password.component.js.map
D:\01 Projects\Checklist\Checklist.WebClient\dist\out-tsc\app\change-password\change-password.module.js
D:\01 Projects\Checklist\Checklist.WebClient\dist\out-tsc\app\change-password\change-password.module.js.map
D:\01 Projects\Checklist\Checklist.WebClient\dist\out-tsc\app\another\another.component.js
D:\01 Projects\Checklist\Checklist.WebClient\dist\out-tsc\app\another\another.component.js.map
D:\01 Projects\Checklist\Checklist.WebClient\dist\out-tsc\app\another\another.module.js
D:\01 Projects\Checklist\Checklist.WebClient\dist\out-tsc\app\another\another.module.js.map
